0 info it worked if it ends with ok
1 verbose cli [ '/usr/local/bin/node', '/usr/local/bin/npm', 'install' ]
2 info using npm@2.5.1
3 info using node@v0.12.0
4 verbose install where, deps [ '/Users/gk029077/workspace/bender', [] ]
5 verbose install where, peers [ '/Users/gk029077/workspace/bender', [] ]
6 info preinstall bender@0.0.0
7 silly install resolved []
8 info build /Users/gk029077/workspace/bender
9 verbose linkStuff [ false, false, false, '/Users/gk029077/workspace' ]
10 info linkStuff bender@0.0.0
11 verbose linkBins bender@0.0.0
12 verbose linkMans bender@0.0.0
13 verbose rebuildBundles bender@0.0.0
14 verbose rebuildBundles [ '.bin',
14 verbose rebuildBundles   'hubot',
14 verbose rebuildBundles   'hubot-diagnostics',
14 verbose rebuildBundles   'hubot-google-images',
14 verbose rebuildBundles   'hubot-google-translate',
14 verbose rebuildBundles   'hubot-help',
14 verbose rebuildBundles   'hubot-heroku-keepalive',
14 verbose rebuildBundles   'hubot-irc',
14 verbose rebuildBundles   'hubot-maps',
14 verbose rebuildBundles   'hubot-pugme',
14 verbose rebuildBundles   'hubot-redis-brain',
14 verbose rebuildBundles   'hubot-rules',
14 verbose rebuildBundles   'hubot-scripts',
14 verbose rebuildBundles   'hubot-shipit',
14 verbose rebuildBundles   'hubot-youtube' ]
15 verbose rebuild bundle /Users/gk029077/workspace/bender/node_modules/hubot
16 info build /Users/gk029077/workspace/bender/node_modules/hubot
17 info preinstall hubot@2.12.0-beta
18 verbose linkStuff [ false,
18 verbose linkStuff   false,
18 verbose linkStuff   false,
18 verbose linkStuff   '/Users/gk029077/workspace/bender/node_modules' ]
19 info linkStuff hubot@2.12.0-beta
20 verbose linkBins hubot@2.12.0-beta
21 verbose link bins [ { hubot: './bin/hubot' },
21 verbose link bins   '/Users/gk029077/workspace/bender/node_modules/.bin',
21 verbose link bins   false ]
22 verbose linkMans hubot@2.12.0-beta
23 verbose rebuildBundles hubot@2.12.0-beta
24 verbose rebuildBundles [ '.bin',
24 verbose rebuildBundles   'async',
24 verbose rebuildBundles   'chalk',
24 verbose rebuildBundles   'cline',
24 verbose rebuildBundles   'coffee-script',
24 verbose rebuildBundles   'express',
24 verbose rebuildBundles   'log',
24 verbose rebuildBundles   'optparse',
24 verbose rebuildBundles   'scoped-http-client' ]
25 verbose gentlyRm vacuuming /Users/gk029077/workspace/bender/node_modules/.bin/hubot
26 silly gentlyRm purging /Users/gk029077/workspace/bender/node_modules/.bin/hubot
27 silly gentlyRm removing /Users/gk029077/workspace/bender/node_modules/.bin
28 silly gentlyRm quitting because other entries in /Users/gk029077/workspace/bender/node_modules
29 info install hubot@2.12.0-beta
30 info postinstall hubot@2.12.0-beta
31 verbose rebuild bundle /Users/gk029077/workspace/bender/node_modules/hubot-diagnostics
32 info build /Users/gk029077/workspace/bender/node_modules/hubot-diagnostics
33 info preinstall hubot-diagnostics@0.0.1
34 verbose linkStuff [ false,
34 verbose linkStuff   false,
34 verbose linkStuff   false,
34 verbose linkStuff   '/Users/gk029077/workspace/bender/node_modules' ]
35 info linkStuff hubot-diagnostics@0.0.1
36 verbose linkBins hubot-diagnostics@0.0.1
37 verbose linkMans hubot-diagnostics@0.0.1
38 verbose rebuildBundles hubot-diagnostics@0.0.1
39 info install hubot-diagnostics@0.0.1
40 info postinstall hubot-diagnostics@0.0.1
41 verbose rebuild bundle /Users/gk029077/workspace/bender/node_modules/hubot-google-images
42 info build /Users/gk029077/workspace/bender/node_modules/hubot-google-images
43 info preinstall hubot-google-images@0.1.4
44 verbose linkStuff [ false,
44 verbose linkStuff   false,
44 verbose linkStuff   false,
44 verbose linkStuff   '/Users/gk029077/workspace/bender/node_modules' ]
45 info linkStuff hubot-google-images@0.1.4
46 verbose linkBins hubot-google-images@0.1.4
47 verbose linkMans hubot-google-images@0.1.4
48 verbose rebuildBundles hubot-google-images@0.1.4
49 info install hubot-google-images@0.1.4
50 info postinstall hubot-google-images@0.1.4
51 verbose rebuild bundle /Users/gk029077/workspace/bender/node_modules/hubot-google-translate
52 info build /Users/gk029077/workspace/bender/node_modules/hubot-google-translate
53 info preinstall hubot-google-translate@0.1.0
54 verbose linkStuff [ false,
54 verbose linkStuff   false,
54 verbose linkStuff   false,
54 verbose linkStuff   '/Users/gk029077/workspace/bender/node_modules' ]
55 info linkStuff hubot-google-translate@0.1.0
56 verbose linkBins hubot-google-translate@0.1.0
57 verbose linkMans hubot-google-translate@0.1.0
58 verbose rebuildBundles hubot-google-translate@0.1.0
59 info install hubot-google-translate@0.1.0
60 info postinstall hubot-google-translate@0.1.0
61 verbose rebuild bundle /Users/gk029077/workspace/bender/node_modules/hubot-help
62 info build /Users/gk029077/workspace/bender/node_modules/hubot-help
63 info preinstall hubot-help@0.1.1
64 verbose linkStuff [ false,
64 verbose linkStuff   false,
64 verbose linkStuff   false,
64 verbose linkStuff   '/Users/gk029077/workspace/bender/node_modules' ]
65 info linkStuff hubot-help@0.1.1
66 verbose linkBins hubot-help@0.1.1
67 verbose linkMans hubot-help@0.1.1
68 verbose rebuildBundles hubot-help@0.1.1
69 info install hubot-help@0.1.1
70 info postinstall hubot-help@0.1.1
71 verbose rebuild bundle /Users/gk029077/workspace/bender/node_modules/hubot-heroku-keepalive
72 info build /Users/gk029077/workspace/bender/node_modules/hubot-heroku-keepalive
73 info preinstall hubot-heroku-keepalive@0.0.4
74 verbose linkStuff [ false,
74 verbose linkStuff   false,
74 verbose linkStuff   false,
74 verbose linkStuff   '/Users/gk029077/workspace/bender/node_modules' ]
75 info linkStuff hubot-heroku-keepalive@0.0.4
76 verbose linkBins hubot-heroku-keepalive@0.0.4
77 verbose linkMans hubot-heroku-keepalive@0.0.4
78 verbose rebuildBundles hubot-heroku-keepalive@0.0.4
79 info install hubot-heroku-keepalive@0.0.4
80 info postinstall hubot-heroku-keepalive@0.0.4
81 verbose rebuild bundle /Users/gk029077/workspace/bender/node_modules/hubot-irc
82 info build /Users/gk029077/workspace/bender/node_modules/hubot-irc
83 info preinstall hubot-irc@0.2.7
84 verbose linkStuff [ false,
84 verbose linkStuff   false,
84 verbose linkStuff   false,
84 verbose linkStuff   '/Users/gk029077/workspace/bender/node_modules' ]
85 info linkStuff hubot-irc@0.2.7
86 verbose linkBins hubot-irc@0.2.7
87 verbose linkMans hubot-irc@0.2.7
88 verbose rebuildBundles hubot-irc@0.2.7
89 verbose rebuildBundles [ 'irc', 'log' ]
90 info install hubot-irc@0.2.7
91 info postinstall hubot-irc@0.2.7
92 verbose rebuild bundle /Users/gk029077/workspace/bender/node_modules/hubot-maps
93 info build /Users/gk029077/workspace/bender/node_modules/hubot-maps
94 info preinstall hubot-maps@0.0.1
95 verbose linkStuff [ false,
95 verbose linkStuff   false,
95 verbose linkStuff   false,
95 verbose linkStuff   '/Users/gk029077/workspace/bender/node_modules' ]
96 info linkStuff hubot-maps@0.0.1
97 verbose linkBins hubot-maps@0.0.1
98 verbose linkMans hubot-maps@0.0.1
99 verbose rebuildBundles hubot-maps@0.0.1
100 info install hubot-maps@0.0.1
101 info postinstall hubot-maps@0.0.1
102 verbose rebuild bundle /Users/gk029077/workspace/bender/node_modules/hubot-pugme
103 info build /Users/gk029077/workspace/bender/node_modules/hubot-pugme
104 info preinstall hubot-pugme@0.1.0
105 verbose linkStuff [ false,
105 verbose linkStuff   false,
105 verbose linkStuff   false,
105 verbose linkStuff   '/Users/gk029077/workspace/bender/node_modules' ]
106 info linkStuff hubot-pugme@0.1.0
107 verbose linkBins hubot-pugme@0.1.0
108 verbose linkMans hubot-pugme@0.1.0
109 verbose rebuildBundles hubot-pugme@0.1.0
110 info install hubot-pugme@0.1.0
111 info postinstall hubot-pugme@0.1.0
112 verbose rebuild bundle /Users/gk029077/workspace/bender/node_modules/hubot-redis-brain
113 info build /Users/gk029077/workspace/bender/node_modules/hubot-redis-brain
114 info preinstall hubot-redis-brain@0.0.2
115 verbose linkStuff [ false,
115 verbose linkStuff   false,
115 verbose linkStuff   false,
115 verbose linkStuff   '/Users/gk029077/workspace/bender/node_modules' ]
116 info linkStuff hubot-redis-brain@0.0.2
117 verbose linkBins hubot-redis-brain@0.0.2
118 verbose linkMans hubot-redis-brain@0.0.2
119 verbose rebuildBundles hubot-redis-brain@0.0.2
120 verbose rebuildBundles [ 'redis' ]
121 info install hubot-redis-brain@0.0.2
122 info postinstall hubot-redis-brain@0.0.2
123 verbose rebuild bundle /Users/gk029077/workspace/bender/node_modules/hubot-rules
124 info build /Users/gk029077/workspace/bender/node_modules/hubot-rules
125 info preinstall hubot-rules@0.1.0
126 verbose linkStuff [ false,
126 verbose linkStuff   false,
126 verbose linkStuff   false,
126 verbose linkStuff   '/Users/gk029077/workspace/bender/node_modules' ]
127 info linkStuff hubot-rules@0.1.0
128 verbose linkBins hubot-rules@0.1.0
129 verbose linkMans hubot-rules@0.1.0
130 verbose rebuildBundles hubot-rules@0.1.0
131 info install hubot-rules@0.1.0
132 info postinstall hubot-rules@0.1.0
133 verbose rebuild bundle /Users/gk029077/workspace/bender/node_modules/hubot-scripts
134 info build /Users/gk029077/workspace/bender/node_modules/hubot-scripts
135 info preinstall hubot-scripts@2.5.16
136 verbose linkStuff [ false,
136 verbose linkStuff   false,
136 verbose linkStuff   false,
136 verbose linkStuff   '/Users/gk029077/workspace/bender/node_modules' ]
137 info linkStuff hubot-scripts@2.5.16
138 verbose linkBins hubot-scripts@2.5.16
139 verbose linkMans hubot-scripts@2.5.16
140 verbose rebuildBundles hubot-scripts@2.5.16
141 verbose rebuildBundles [ 'redis' ]
142 info install hubot-scripts@2.5.16
143 info postinstall hubot-scripts@2.5.16
144 verbose rebuild bundle /Users/gk029077/workspace/bender/node_modules/hubot-shipit
145 info build /Users/gk029077/workspace/bender/node_modules/hubot-shipit
146 info preinstall hubot-shipit@0.1.2
147 verbose linkStuff [ false,
147 verbose linkStuff   false,
147 verbose linkStuff   false,
147 verbose linkStuff   '/Users/gk029077/workspace/bender/node_modules' ]
148 info linkStuff hubot-shipit@0.1.2
149 verbose linkBins hubot-shipit@0.1.2
150 verbose linkMans hubot-shipit@0.1.2
151 verbose rebuildBundles hubot-shipit@0.1.2
152 info install hubot-shipit@0.1.2
153 info postinstall hubot-shipit@0.1.2
154 verbose rebuild bundle /Users/gk029077/workspace/bender/node_modules/hubot-youtube
155 info build /Users/gk029077/workspace/bender/node_modules/hubot-youtube
156 info preinstall hubot-youtube@0.1.2
157 verbose linkStuff [ false,
157 verbose linkStuff   false,
157 verbose linkStuff   false,
157 verbose linkStuff   '/Users/gk029077/workspace/bender/node_modules' ]
158 info linkStuff hubot-youtube@0.1.2
159 verbose linkBins hubot-youtube@0.1.2
160 verbose linkMans hubot-youtube@0.1.2
161 verbose rebuildBundles hubot-youtube@0.1.2
162 info install hubot-youtube@0.1.2
163 info postinstall hubot-youtube@0.1.2
164 info install bender@0.0.0
165 info postinstall bender@0.0.0
166 info prepublish bender@0.0.0
167 verbose stack Error: The package hubot does not satisfy its siblings' peerDependencies requirements!
167 verbose stack     at /usr/local/lib/node_modules/npm/lib/install.js:103:32
167 verbose stack     at /usr/local/lib/node_modules/npm/lib/install.js:225:5
167 verbose stack     at /usr/local/lib/node_modules/npm/node_modules/read-installed/read-installed.js:138:5
167 verbose stack     at /usr/local/lib/node_modules/npm/node_modules/read-installed/read-installed.js:251:14
167 verbose stack     at cb (/usr/local/lib/node_modules/npm/node_modules/slide/lib/async-map.js:47:24)
167 verbose stack     at /usr/local/lib/node_modules/npm/node_modules/read-installed/read-installed.js:251:14
167 verbose stack     at cb (/usr/local/lib/node_modules/npm/node_modules/slide/lib/async-map.js:47:24)
167 verbose stack     at /usr/local/lib/node_modules/npm/node_modules/read-installed/read-installed.js:251:14
167 verbose stack     at cb (/usr/local/lib/node_modules/npm/node_modules/slide/lib/async-map.js:47:24)
167 verbose stack     at /usr/local/lib/node_modules/npm/node_modules/read-installed/read-installed.js:251:14
168 verbose cwd /Users/gk029077/workspace/bender
169 error Darwin 13.4.0
170 error argv "/usr/local/bin/node" "/usr/local/bin/npm" "install"
171 error node v0.12.0
172 error npm  v2.5.1
173 error code EPEERINVALID
174 error peerinvalid The package hubot does not satisfy its siblings' peerDependencies requirements!
174 error peerinvalid Peer hubot-diagnostics@0.0.1 wants hubot@2.x
174 error peerinvalid Peer hubot-google-images@0.1.4 wants hubot@2.x
174 error peerinvalid Peer hubot-google-translate@0.1.0 wants hubot@2.x
174 error peerinvalid Peer hubot-help@0.1.1 wants hubot@2.x
174 error peerinvalid Peer hubot-heroku-keepalive@0.0.4 wants hubot@2.x
174 error peerinvalid Peer hubot-maps@0.0.1 wants hubot@2.x
174 error peerinvalid Peer hubot-pugme@0.1.0 wants hubot@2.x
174 error peerinvalid Peer hubot-rules@0.1.0 wants hubot@2.x
174 error peerinvalid Peer hubot-shipit@0.1.2 wants hubot@2.x
174 error peerinvalid Peer hubot-youtube@0.1.2 wants hubot@2.x
174 error peerinvalid Peer hubot-redis-brain@0.0.2 wants hubot@2.x
175 verbose exit [ 1, true ]
